FMOD: SystemI::init                  : FMOD Ex Version: 00044408
FMOD: SystemI::init                  : maxchannels = 32, flags = 00000000, extradriverdata = 0000000000000000
FMOD: SystemI::close                 : 
FMOD: SystemI::close                 : Stop all sounds
FMOD: SystemI::close                 : Remove miscllaneous DSP stuff.
FMOD: SystemI::close                 : done.

FMOD: OutputWASAPI::enumerate        : Enumerating...
FMOD: OutputWASAPI::enumerate        : Initialise COM library.
FMOD: OutputWASAPI::enumerate        : Found Driver: "Headphones (2- High Definition Audio Device)".
FMOD: OutputWASAPI::enumerate        : Found Driver: "Speakers (Blackmagic Audio)".
FMOD: OutputWASAPI::enumerate        : Found Driver: "Digital Audio (S/PDIF) (2- High Definition Audio Device)".
FMOD: OutputWASAPI::enumerate        : Found Driver: "Digital Audio (HDMI) (2- High Definition Audio Device)".
FMOD: OutputWASAPI::enumerate        : Found Driver: "Microphone Array (2- Xbox NUI Sensor)".
FMOD: OutputWASAPI::enumerate        : Found Driver: "Digital Audio (S/PDIF) (2- High Definition Audio Device)".
FMOD: OutputWASAPI::enumerate        : Done.
FMOD: OutputWASAPI::initEx           : Initialising...
FMOD: OutputWASAPI::initEx           : Done.
FMOD: SystemI::init                  : Set up software engine
FMOD: Thread::initThread             : Initializing FMOD (WASAPI) feeder thread.  priority 0
FMOD: Thread::initThread             : - Stacksize 0.  Stack pointer 0000000000000000 : usesemaphore = 0 : sleeptime = 0
FMOD: Thread::callback               : * FMOD (WASAPI) feeder thread started
FMOD: Thread::initThread             : done.
FMOD: OutputWASAPI::feederUpdate     : WASAPI feeder thread set to 'Audio' characteristic
FMOD: Thread::initThread             : Initializing FMOD mixer thread.  priority 2
FMOD: Thread::initThread             : - Stacksize 49152.  Stack pointer 0000000000000000 : usesemaphore = 1 : sleeptime = 0
FMOD: Thread::callback               : * FMOD mixer thread started
FMOD: Thread::initThread             : done.
FMOD: SystemI::init                  : Set up emulated output
FMOD: SystemI::init                  : create the channel pool
FMOD: SystemI::init                  : Set up streamer
FMOD: Thread::initThread             : Initializing FMOD stream thread.  priority 2
FMOD: Thread::initThread             : - Stacksize 49152.  Stack pointer 0000000000000000 : usesemaphore = 0 : sleeptime = 10
FMOD: Thread::callback               : * FMOD stream thread started
FMOD: Thread::initThread             : done.
FMOD: SystemI::init                  : done

FMOD: SystemI::createSoundInternal   : filename = C:\code\of_Clouds\openFrameworks\fuelWork\apps\faceShiftOffline\bin\data\SequenceLonger_withav.wav : mode 00000040
FMOD: SystemI::createSoundInternal   : 21 codecs found.  Scan all until one succeeds
FMOD: CodecTag::openInternal         : attempting to open ID3 or ASF tags..
FMOD: Codec::release                 : 
FMOD: Plugin::release                : (0000000009EA5EB8)
FMOD: Plugin::release                : done
FMOD: Codec::release                 : done
FMOD: CodecCDDA::openInternal        : attempting to open as CDDA..
FMOD: Codec::release                 : 
FMOD: Plugin::release                : (0000000009EA5EB8)
FMOD: Plugin::release                : done
FMOD: Codec::release                 : done
FMOD: CodecFSB5::openInternal        : attempting to open as FSB5..
FMOD: CodecFSB5::headerReadCheck     : Header check failed. Not an FSB5
FMOD: Codec::release                 : 
FMOD: CodecFSB5::closeInternal       : 
FMOD: CodecFSB5::closeInternal       : done
FMOD: Plugin::release                : (0000000009EA5EB8)
FMOD: Plugin::release                : done
FMOD: Codec::release                 : done
FMOD: CodecFSB::openInternal         : attempting to open as FSB..
FMOD: CodecFSB::openInternal         : Header check failed.  Not an FSB
FMOD: Codec::release                 : 
FMOD: CodecFSB::closeInternal        : 
FMOD: CodecFSB::closeInternal        : done
FMOD: Plugin::release                : (0000000009EA5EB8)
FMOD: Plugin::release                : done
FMOD: Codec::release                 : done
FMOD: CodecVAG::openInternal         : attempting to open as VAG..
FMOD: CodecVAG::openInternal         : 'VAG' ID check failed [RIF]
FMOD: Codec::release                 : 
FMOD: Plugin::release                : (0000000009EA5EB8)
FMOD: Plugin::release                : done
FMOD: Codec::release                 : done
FMOD: CodecWav::openInternal         : attempting to open as WAV..
FMOD: CodecWav::parseRIFF            : chunk : id fmt  size 16
FMOD: CodecWav::parseRIFF            : offset = 28 / 17822188
FMOD: CodecWav::parseRIFF            : chunk : id data size 17822152
FMOD: CodecWav::parseRIFF            : offset = 17822188 / 17822188
FMOD: CodecWav::openInternal         : mSrcFormat->wFormatTag = 1
FMOD: CodecWav::openInternal         : mSrcFormat->nChannels = 2
FMOD: CodecWav::openInternal         : mSrcFormat->nSamplesPerSec = 44100
FMOD: CodecWav::openInternal         : mSrcFormat->nAvgBytesPerSec = 176400
FMOD: CodecWav::openInternal         : mSrcFormat->nBlockAlign = 4
FMOD: CodecWav::openInternal         : mSrcFormat->wBitsPerSample = 16
FMOD: CodecWav::openInternal         : mSrcFormat->cbSize = 0
FMOD: SystemI::createSoundInternal   : Format has 0 subsounds.
FMOD: SystemI::createSoundInternal   : Create as FMOD_CREATESAMPLE
FMOD: SystemI::createSoundInternal   : creating subsound 0/0
FMOD: SystemI::createSample          : mode 00000040 length 4455538 samples, lengthbytes 17822152
FMOD: SystemI::createSample          : subsamples = 1, channels = 2
FMOD: SystemI::createSample          : subsample 0.  output = 0000000001EBE668
FMOD: SystemI::createSample          : mSoftware = 0000000001EBE668
FMOD: OutputSoftware::createSample   : lengthpcm 4455538, lengthbytes 17822152, channels 2, format 2, freq 44100, mode 00000049
FMOD: OutputSoftware::createSample   : done
FMOD: SystemI::createSample          : done
FMOD: SystemI::createSoundInternal   : No name found in file, use filename.
FMOD: SystemI::createSoundInternal   : done.  OpenState now = FMOD_OPENSTATE_READY.

FMOD: SystemI::close                 : 
FMOD: SystemI::close                 : Stop all sounds
FMOD: Thread::callback               : * FMOD stream thread finished
FMOD: Thread::close                  : FMOD stream thread thread destroyed
FMOD: SystemI::close                 : Stream thread destroyed
FMOD: Global::decRef                 : Shut down streamer and FMOD_NONBLOCKING and FileSystem thread.
FMOD: Global::decRef                 : Shut down profiler.
FMOD: Global::decRef                 : Shut down file system.
FMOD: SystemI::close                 : Free master channel group.
FMOD: SystemI::close                 : Remove 'master' sound group.
FMOD: SystemI::close                 : Shut down output.
FMOD: Thread::callback               : * FMOD (WASAPI) feeder thread finished
FMOD: Thread::close                  : FMOD (WASAPI) feeder thread thread destroyed
FMOD: Thread::callback               : * FMOD mixer thread finished
FMOD: Thread::close                  : FMOD mixer thread thread destroyed
FMOD: OutputWASAPI::close            : Closing...
FMOD: OutputWASAPI::close            : Done.
FMOD: SystemI::close                 : Free software output.
FMOD: SystemI::close                 : Free emulated output.
FMOD: SystemI::close                 : Free channel pool.
FMOD: SystemI::close                 : Remove DSP Soundcard unit.
FMOD: SystemI::close                 : Remove miscllaneous DSP stuff.
FMOD: SystemI::close                 : done.

FMOD: SoundI::release                : SequenceLonger_withav.wav (0000000009EB24C8)
FMOD: SoundI::release                : release codec. (0000000009EB24C8)
FMOD: Codec::release                 : 
FMOD: Plugin::release                : (0000000009EA5EB8)
FMOD: Plugin::release                : done
FMOD: Codec::release                 : done
FMOD: SoundI::release                : free this. (0000000009EB24C8)
FMOD: SoundI::release                : done (0000000009EB24C8)
